CRITICAL - 2021-09-19 11:53:14 --> syntax error, unexpected 'int' (T_STRING), expecting function (T_FUNCTION) or const (T_CONST)
#0 C:\wamp64\www\system\Autoloader\Autoloader.php(241): CodeIgniter\Autoloader\Autoloader->includeFile('C:\\wamp64\\www\\a...')
#1 C:\wamp64\www\system\Autoloader\Autoloader.php(219): CodeIgniter\Autoloader\Autoloader->loadInNamespace('App\\Controllers...')
#2 [internal function]: CodeIgniter\Autoloader\Autoloader->loadClass('App\\Controllers...')
#3 [internal function]: spl_autoload_call('App\\Controllers...')
#4 C:\wamp64\www\system\CodeIgniter.php(767): class_exists('\\App\\Controller...', true)
#5 C:\wamp64\www\system\CodeIgniter.php(386): CodeIgniter\CodeIgniter->startController()
#6 C:\wamp64\www\system\CodeIgniter.php(317): CodeIgniter\CodeIgniter->handleRequest(NULL, Object(Config\Cache), false)
#7 C:\wamp64\www\public\index.php(37): CodeIgniter\CodeIgniter->run()
#8 {main}
CRITICAL - 2021-09-19 11:53:24 --> syntax error, unexpected 'int' (T_STRING), expecting function (T_FUNCTION) or const (T_CONST)
#0 C:\wamp64\www\system\Autoloader\Autoloader.php(241): CodeIgniter\Autoloader\Autoloader->includeFile('C:\\wamp64\\www\\a...')
#1 C:\wamp64\www\system\Autoloader\Autoloader.php(219): CodeIgniter\Autoloader\Autoloader->loadInNamespace('App\\Controllers...')
#2 [internal function]: CodeIgniter\Autoloader\Autoloader->loadClass('App\\Controllers...')
#3 [internal function]: spl_autoload_call('App\\Controllers...')
#4 C:\wamp64\www\system\CodeIgniter.php(767): class_exists('\\App\\Controller...', true)
#5 C:\wamp64\www\system\CodeIgniter.php(386): CodeIgniter\CodeIgniter->startController()
#6 C:\wamp64\www\system\CodeIgniter.php(317): CodeIgniter\CodeIgniter->handleRequest(NULL, Object(Config\Cache), false)
#7 C:\wamp64\www\public\index.php(37): CodeIgniter\CodeIgniter->run()
#8 {main}
CRITICAL - 2021-09-19 11:53:34 --> syntax error, unexpected 'int' (T_STRING), expecting function (T_FUNCTION) or const (T_CONST)
#0 C:\wamp64\www\system\Autoloader\Autoloader.php(241): CodeIgniter\Autoloader\Autoloader->includeFile('C:\\wamp64\\www\\a...')
#1 C:\wamp64\www\system\Autoloader\Autoloader.php(219): CodeIgniter\Autoloader\Autoloader->loadInNamespace('App\\Controllers...')
#2 [internal function]: CodeIgniter\Autoloader\Autoloader->loadClass('App\\Controllers...')
#3 [internal function]: spl_autoload_call('App\\Controllers...')
#4 C:\wamp64\www\system\CodeIgniter.php(767): class_exists('\\App\\Controller...', true)
#5 C:\wamp64\www\system\CodeIgniter.php(386): CodeIgniter\CodeIgniter->startController()
#6 C:\wamp64\www\system\CodeIgniter.php(317): CodeIgniter\CodeIgniter->handleRequest(NULL, Object(Config\Cache), false)
#7 C:\wamp64\www\public\index.php(37): CodeIgniter\CodeIgniter->run()
#8 {main}
CRITICAL - 2021-09-19 11:53:43 --> syntax error, unexpected 'int' (T_STRING), expecting function (T_FUNCTION) or const (T_CONST)
#0 C:\wamp64\www\system\Autoloader\Autoloader.php(241): CodeIgniter\Autoloader\Autoloader->includeFile('C:\\wamp64\\www\\a...')
#1 C:\wamp64\www\system\Autoloader\Autoloader.php(219): CodeIgniter\Autoloader\Autoloader->loadInNamespace('App\\Controllers...')
#2 [internal function]: CodeIgniter\Autoloader\Autoloader->loadClass('App\\Controllers...')
#3 [internal function]: spl_autoload_call('App\\Controllers...')
#4 C:\wamp64\www\system\CodeIgniter.php(767): class_exists('\\App\\Controller...', true)
#5 C:\wamp64\www\system\CodeIgniter.php(386): CodeIgniter\CodeIgniter->startController()
#6 C:\wamp64\www\system\CodeIgniter.php(317): CodeIgniter\CodeIgniter->handleRequest(NULL, Object(Config\Cache), false)
#7 C:\wamp64\www\public\index.php(37): CodeIgniter\CodeIgniter->run()
#8 {main}
CRITICAL - 2021-09-19 11:55:51 --> syntax error, unexpected '$view' (T_VARIABLE), expecting function (T_FUNCTION) or const (T_CONST)
#0 C:\wamp64\www\system\Autoloader\Autoloader.php(241): CodeIgniter\Autoloader\Autoloader->includeFile('C:\\wamp64\\www\\a...')
#1 C:\wamp64\www\system\Autoloader\Autoloader.php(219): CodeIgniter\Autoloader\Autoloader->loadInNamespace('App\\Controllers...')
#2 [internal function]: CodeIgniter\Autoloader\Autoloader->loadClass('App\\Controllers...')
#3 [internal function]: spl_autoload_call('App\\Controllers...')
#4 C:\wamp64\www\system\CodeIgniter.php(767): class_exists('\\App\\Controller...', true)
#5 C:\wamp64\www\system\CodeIgniter.php(386): CodeIgniter\CodeIgniter->startController()
#6 C:\wamp64\www\system\CodeIgniter.php(317): CodeIgniter\CodeIgniter->handleRequest(NULL, Object(Config\Cache), false)
#7 C:\wamp64\www\public\index.php(37): CodeIgniter\CodeIgniter->run()
#8 {main}
CRITICAL - 2021-09-19 11:56:15 --> Call to a member function getVar() on null
#0 C:\wamp64\www\system\View\View.php(214): include()
#1 C:\wamp64\www\system\View\View.php(217): CodeIgniter\View\View->CodeIgniter\View\{closure}()
#2 C:\wamp64\www\system\Common.php(1092): CodeIgniter\View\View->render('main', Array, true)
#3 C:\wamp64\www\app\Controllers\Home.php(10): view('main')
#4 C:\wamp64\www\system\CodeIgniter.php(802): App\Controllers\Home->index()
#5 C:\wamp64\www\system\CodeIgniter.php(399): CodeIgniter\CodeIgniter->runController(Object(App\Controllers\Home))
#6 C:\wamp64\www\system\CodeIgniter.php(317): CodeIgniter\CodeIgniter->handleRequest(NULL, Object(Config\Cache), false)
#7 C:\wamp64\www\public\index.php(37): CodeIgniter\CodeIgniter->run()
#8 {main}
CRITICAL - 2021-09-19 11:56:31 --> syntax error, unexpected '$view' (T_VARIABLE), expecting function (T_FUNCTION) or const (T_CONST)
#0 C:\wamp64\www\system\Autoloader\Autoloader.php(241): CodeIgniter\Autoloader\Autoloader->includeFile('C:\\wamp64\\www\\a...')
#1 C:\wamp64\www\system\Autoloader\Autoloader.php(219): CodeIgniter\Autoloader\Autoloader->loadInNamespace('App\\Controllers...')
#2 [internal function]: CodeIgniter\Autoloader\Autoloader->loadClass('App\\Controllers...')
#3 [internal function]: spl_autoload_call('App\\Controllers...')
#4 C:\wamp64\www\system\CodeIgniter.php(767): class_exists('\\App\\Controller...', true)
#5 C:\wamp64\www\system\CodeIgniter.php(386): CodeIgniter\CodeIgniter->startController()
#6 C:\wamp64\www\system\CodeIgniter.php(317): CodeIgniter\CodeIgniter->handleRequest(NULL, Object(Config\Cache), false)
#7 C:\wamp64\www\public\index.php(37): CodeIgniter\CodeIgniter->run()
#8 {main}
CRITICAL - 2021-09-19 11:56:37 --> syntax error, unexpected 'setVar' (T_STRING), expecting function (T_FUNCTION) or const (T_CONST)
#0 C:\wamp64\www\system\Autoloader\Autoloader.php(241): CodeIgniter\Autoloader\Autoloader->includeFile('C:\\wamp64\\www\\a...')
#1 C:\wamp64\www\system\Autoloader\Autoloader.php(219): CodeIgniter\Autoloader\Autoloader->loadInNamespace('App\\Controllers...')
#2 [internal function]: CodeIgniter\Autoloader\Autoloader->loadClass('App\\Controllers...')
#3 [internal function]: spl_autoload_call('App\\Controllers...')
#4 C:\wamp64\www\system\CodeIgniter.php(767): class_exists('\\App\\Controller...', true)
#5 C:\wamp64\www\system\CodeIgniter.php(386): CodeIgniter\CodeIgniter->startController()
#6 C:\wamp64\www\system\CodeIgniter.php(317): CodeIgniter\CodeIgniter->handleRequest(NULL, Object(Config\Cache), false)
#7 C:\wamp64\www\public\index.php(37): CodeIgniter\CodeIgniter->run()
#8 {main}
CRITICAL - 2021-09-19 11:56:38 --> syntax error, unexpected 'setVar' (T_STRING), expecting function (T_FUNCTION) or const (T_CONST)
#0 C:\wamp64\www\system\Autoloader\Autoloader.php(241): CodeIgniter\Autoloader\Autoloader->includeFile('C:\\wamp64\\www\\a...')
#1 C:\wamp64\www\system\Autoloader\Autoloader.php(219): CodeIgniter\Autoloader\Autoloader->loadInNamespace('App\\Controllers...')
#2 [internal function]: CodeIgniter\Autoloader\Autoloader->loadClass('App\\Controllers...')
#3 [internal function]: spl_autoload_call('App\\Controllers...')
#4 C:\wamp64\www\system\CodeIgniter.php(767): class_exists('\\App\\Controller...', true)
#5 C:\wamp64\www\system\CodeIgniter.php(386): CodeIgniter\CodeIgniter->startController()
#6 C:\wamp64\www\system\CodeIgniter.php(317): CodeIgniter\CodeIgniter->handleRequest(NULL, Object(Config\Cache), false)
#7 C:\wamp64\www\public\index.php(37): CodeIgniter\CodeIgniter->run()
#8 {main}
CRITICAL - 2021-09-19 12:00:30 --> syntax error, unexpected 'echo' (T_ECHO)
#0 C:\wamp64\www\system\View\View.php(217): CodeIgniter\View\View->CodeIgniter\View\{closure}()
#1 C:\wamp64\www\system\Common.php(1092): CodeIgniter\View\View->render('main', Array, true)
#2 C:\wamp64\www\app\Controllers\Home.php(11): view('main')
#3 C:\wamp64\www\system\CodeIgniter.php(802): App\Controllers\Home->index()
#4 C:\wamp64\www\system\CodeIgniter.php(399): CodeIgniter\CodeIgniter->runController(Object(App\Controllers\Home))
#5 C:\wamp64\www\system\CodeIgniter.php(317): CodeIgniter\CodeIgniter->handleRequest(NULL, Object(Config\Cache), false)
#6 C:\wamp64\www\public\index.php(37): CodeIgniter\CodeIgniter->run()
#7 {main}
CRITICAL - 2021-09-19 12:23:38 --> Call to a member function get_comments() on null
#0 C:\wamp64\www\system\CodeIgniter.php(802): App\Controllers\Home->index()
#1 C:\wamp64\www\system\CodeIgniter.php(399): CodeIgniter\CodeIgniter->runController(Object(App\Controllers\Home))
#2 C:\wamp64\www\system\CodeIgniter.php(317): CodeIgniter\CodeIgniter->handleRequest(NULL, Object(Config\Cache), false)
#3 C:\wamp64\www\public\index.php(37): CodeIgniter\CodeIgniter->run()
#4 {main}
CRITICAL - 2021-09-19 12:24:38 --> Call to a member function get_comments() on null
#0 C:\wamp64\www\system\CodeIgniter.php(802): App\Controllers\Home->index()
#1 C:\wamp64\www\system\CodeIgniter.php(399): CodeIgniter\CodeIgniter->runController(Object(App\Controllers\Home))
#2 C:\wamp64\www\system\CodeIgniter.php(317): CodeIgniter\CodeIgniter->handleRequest(NULL, Object(Config\Cache), false)
#3 C:\wamp64\www\public\index.php(37): CodeIgniter\CodeIgniter->run()
#4 {main}
CRITICAL - 2021-09-19 12:26:57 --> Call to a member function get_comments() on null
#0 C:\wamp64\www\system\CodeIgniter.php(802): App\Controllers\Home->index()
#1 C:\wamp64\www\system\CodeIgniter.php(399): CodeIgniter\CodeIgniter->runController(Object(App\Controllers\Home))
#2 C:\wamp64\www\system\CodeIgniter.php(317): CodeIgniter\CodeIgniter->handleRequest(NULL, Object(Config\Cache), false)
#3 C:\wamp64\www\public\index.php(37): CodeIgniter\CodeIgniter->run()
#4 {main}
CRITICAL - 2021-09-19 12:28:43 --> Call to a member function get_comments() on null
#0 C:\wamp64\www\system\CodeIgniter.php(802): App\Controllers\Home->index()
#1 C:\wamp64\www\system\CodeIgniter.php(399): CodeIgniter\CodeIgniter->runController(Object(App\Controllers\Home))
#2 C:\wamp64\www\system\CodeIgniter.php(317): CodeIgniter\CodeIgniter->handleRequest(NULL, Object(Config\Cache), false)
#3 C:\wamp64\www\public\index.php(37): CodeIgniter\CodeIgniter->run()
#4 {main}
CRITICAL - 2021-09-19 12:28:44 --> Call to a member function get_comments() on null
#0 C:\wamp64\www\system\CodeIgniter.php(802): App\Controllers\Home->index()
#1 C:\wamp64\www\system\CodeIgniter.php(399): CodeIgniter\CodeIgniter->runController(Object(App\Controllers\Home))
#2 C:\wamp64\www\system\CodeIgniter.php(317): CodeIgniter\CodeIgniter->handleRequest(NULL, Object(Config\Cache), false)
#3 C:\wamp64\www\public\index.php(37): CodeIgniter\CodeIgniter->run()
#4 {main}
CRITICAL - 2021-09-19 12:31:51 --> syntax error, unexpected '->' (T_OBJECT_OPERATOR)
#0 C:\wamp64\www\system\Autoloader\Autoloader.php(241): CodeIgniter\Autoloader\Autoloader->includeFile('C:\\wamp64\\www\\a...')
#1 C:\wamp64\www\system\Autoloader\Autoloader.php(219): CodeIgniter\Autoloader\Autoloader->loadInNamespace('App\\Controllers...')
#2 [internal function]: CodeIgniter\Autoloader\Autoloader->loadClass('App\\Controllers...')
#3 [internal function]: spl_autoload_call('App\\Controllers...')
#4 C:\wamp64\www\system\CodeIgniter.php(767): class_exists('\\App\\Controller...', true)
#5 C:\wamp64\www\system\CodeIgniter.php(386): CodeIgniter\CodeIgniter->startController()
#6 C:\wamp64\www\system\CodeIgniter.php(317): CodeIgniter\CodeIgniter->handleRequest(NULL, Object(Config\Cache), false)
#7 C:\wamp64\www\public\index.php(37): CodeIgniter\CodeIgniter->run()
#8 {main}
CRITICAL - 2021-09-19 13:27:06 --> Call to a member function findAll() on null
#0 C:\wamp64\www\app\Controllers\Home.php(11): App\Models\comments_model->get_comments()
#1 C:\wamp64\www\system\CodeIgniter.php(802): App\Controllers\Home->index()
#2 C:\wamp64\www\system\CodeIgniter.php(399): CodeIgniter\CodeIgniter->runController(Object(App\Controllers\Home))
#3 C:\wamp64\www\system\CodeIgniter.php(317): CodeIgniter\CodeIgniter->handleRequest(NULL, Object(Config\Cache), false)
#4 C:\wamp64\www\public\index.php(37): CodeIgniter\CodeIgniter->run()
#5 {main}
CRITICAL - 2021-09-19 13:27:19 --> You must set the database table to be used with your query.
#0 C:\wamp64\www\system\Model.php(545): CodeIgniter\Database\BaseConnection->table(NULL)
#1 C:\wamp64\www\system\Model.php(176): CodeIgniter\Model->builder()
#2 C:\wamp64\www\system\BaseModel.php(584): CodeIgniter\Model->doFindAll(0, 0)
#3 C:\wamp64\www\app\Models\comments_model.php(12): CodeIgniter\BaseModel->findAll()
#4 C:\wamp64\www\app\Controllers\Home.php(11): App\Models\comments_model->get_comments()
#5 C:\wamp64\www\system\CodeIgniter.php(802): App\Controllers\Home->index()
#6 C:\wamp64\www\system\CodeIgniter.php(399): CodeIgniter\CodeIgniter->runController(Object(App\Controllers\Home))
#7 C:\wamp64\www\system\CodeIgniter.php(317): CodeIgniter\CodeIgniter->handleRequest(NULL, Object(Config\Cache), false)
#8 C:\wamp64\www\public\index.php(37): CodeIgniter\CodeIgniter->run()
#9 {main}
CRITICAL - 2021-09-19 13:28:00 --> You must set the database table to be used with your query.
#0 C:\wamp64\www\system\Model.php(545): CodeIgniter\Database\BaseConnection->table(NULL)
#1 C:\wamp64\www\system\Model.php(176): CodeIgniter\Model->builder()
#2 C:\wamp64\www\system\BaseModel.php(584): CodeIgniter\Model->doFindAll(0, 0)
#3 C:\wamp64\www\app\Models\comments_model.php(13): CodeIgniter\BaseModel->findAll()
#4 C:\wamp64\www\app\Controllers\Home.php(11): App\Models\comments_model->get_comments()
#5 C:\wamp64\www\system\CodeIgniter.php(802): App\Controllers\Home->index()
#6 C:\wamp64\www\system\CodeIgniter.php(399): CodeIgniter\CodeIgniter->runController(Object(App\Controllers\Home))
#7 C:\wamp64\www\system\CodeIgniter.php(317): CodeIgniter\CodeIgniter->handleRequest(NULL, Object(Config\Cache), false)
#8 C:\wamp64\www\public\index.php(37): CodeIgniter\CodeIgniter->run()
#9 {main}
CRITICAL - 2021-09-19 13:28:41 --> Argument 1 passed to CodeIgniter\BaseModel::findAll() must be of the type int, string given, called in C:\wamp64\www\app\Models\comments_model.php on line 13
#0 C:\wamp64\www\app\Models\comments_model.php(13): CodeIgniter\BaseModel->findAll('comments')
#1 C:\wamp64\www\app\Controllers\Home.php(11): App\Models\comments_model->get_comments()
#2 C:\wamp64\www\system\CodeIgniter.php(802): App\Controllers\Home->index()
#3 C:\wamp64\www\system\CodeIgniter.php(399): CodeIgniter\CodeIgniter->runController(Object(App\Controllers\Home))
#4 C:\wamp64\www\system\CodeIgniter.php(317): CodeIgniter\CodeIgniter->handleRequest(NULL, Object(Config\Cache), false)
#5 C:\wamp64\www\public\index.php(37): CodeIgniter\CodeIgniter->run()
#6 {main}
CRITICAL - 2021-09-19 13:30:15 --> You must set the database table to be used with your query.
#0 C:\wamp64\www\system\Model.php(545): CodeIgniter\Database\BaseConnection->table(NULL)
#1 C:\wamp64\www\system\Model.php(719): CodeIgniter\Model->builder()
#2 C:\wamp64\www\app\Models\comments_model.php(13): CodeIgniter\Model->__call('get', Array)
#3 C:\wamp64\www\app\Controllers\Home.php(11): App\Models\comments_model->get_comments()
#4 C:\wamp64\www\system\CodeIgniter.php(802): App\Controllers\Home->index()
#5 C:\wamp64\www\system\CodeIgniter.php(399): CodeIgniter\CodeIgniter->runController(Object(App\Controllers\Home))
#6 C:\wamp64\www\system\CodeIgniter.php(317): CodeIgniter\CodeIgniter->handleRequest(NULL, Object(Config\Cache), false)
#7 C:\wamp64\www\public\index.php(37): CodeIgniter\CodeIgniter->run()
#8 {main}
CRITICAL - 2021-09-19 13:30:19 --> You must set the database table to be used with your query.
#0 C:\wamp64\www\system\Model.php(545): CodeIgniter\Database\BaseConnection->table(NULL)
#1 C:\wamp64\www\system\Model.php(130): CodeIgniter\Model->builder()
#2 C:\wamp64\www\system\BaseModel.php(523): CodeIgniter\Model->doFind(true, 'comments')
#3 C:\wamp64\www\app\Models\comments_model.php(13): CodeIgniter\BaseModel->find('comments')
#4 C:\wamp64\www\app\Controllers\Home.php(11): App\Models\comments_model->get_comments()
#5 C:\wamp64\www\system\CodeIgniter.php(802): App\Controllers\Home->index()
#6 C:\wamp64\www\system\CodeIgniter.php(399): CodeIgniter\CodeIgniter->runController(Object(App\Controllers\Home))
#7 C:\wamp64\www\system\CodeIgniter.php(317): CodeIgniter\CodeIgniter->handleRequest(NULL, Object(Config\Cache), false)
#8 C:\wamp64\www\public\index.php(37): CodeIgniter\CodeIgniter->run()
#9 {main}
CRITICAL - 2021-09-19 13:30:51 --> You must set the database table to be used with your query.
#0 C:\wamp64\www\system\Model.php(545): CodeIgniter\Database\BaseConnection->table(NULL)
#1 C:\wamp64\www\system\Model.php(719): CodeIgniter\Model->builder()
#2 C:\wamp64\www\app\Models\comments_model.php(13): CodeIgniter\Model->__call('table', Array)
#3 C:\wamp64\www\app\Controllers\Home.php(11): App\Models\comments_model->get_comments()
#4 C:\wamp64\www\system\CodeIgniter.php(802): App\Controllers\Home->index()
#5 C:\wamp64\www\system\CodeIgniter.php(399): CodeIgniter\CodeIgniter->runController(Object(App\Controllers\Home))
#6 C:\wamp64\www\system\CodeIgniter.php(317): CodeIgniter\CodeIgniter->handleRequest(NULL, Object(Config\Cache), false)
#7 C:\wamp64\www\public\index.php(37): CodeIgniter\CodeIgniter->run()
#8 {main}
CRITICAL - 2021-09-19 13:31:48 --> You must set the database table to be used with your query.
#0 C:\wamp64\www\system\Model.php(545): CodeIgniter\Database\BaseConnection->table(NULL)
#1 C:\wamp64\www\system\Model.php(176): CodeIgniter\Model->builder()
#2 C:\wamp64\www\system\BaseModel.php(584): CodeIgniter\Model->doFindAll(0, 0)
#3 C:\wamp64\www\app\Models\comments_model.php(14): CodeIgniter\BaseModel->findAll()
#4 C:\wamp64\www\app\Controllers\Home.php(11): App\Models\comments_model->get_comments()
#5 C:\wamp64\www\system\CodeIgniter.php(802): App\Controllers\Home->index()
#6 C:\wamp64\www\system\CodeIgniter.php(399): CodeIgniter\CodeIgniter->runController(Object(App\Controllers\Home))
#7 C:\wamp64\www\system\CodeIgniter.php(317): CodeIgniter\CodeIgniter->handleRequest(NULL, Object(Config\Cache), false)
#8 C:\wamp64\www\public\index.php(37): CodeIgniter\CodeIgniter->run()
#9 {main}
CRITICAL - 2021-09-19 13:31:49 --> You must set the database table to be used with your query.
#0 C:\wamp64\www\system\Model.php(545): CodeIgniter\Database\BaseConnection->table(NULL)
#1 C:\wamp64\www\system\Model.php(176): CodeIgniter\Model->builder()
#2 C:\wamp64\www\system\BaseModel.php(584): CodeIgniter\Model->doFindAll(0, 0)
#3 C:\wamp64\www\app\Models\comments_model.php(14): CodeIgniter\BaseModel->findAll()
#4 C:\wamp64\www\app\Controllers\Home.php(11): App\Models\comments_model->get_comments()
#5 C:\wamp64\www\system\CodeIgniter.php(802): App\Controllers\Home->index()
#6 C:\wamp64\www\system\CodeIgniter.php(399): CodeIgniter\CodeIgniter->runController(Object(App\Controllers\Home))
#7 C:\wamp64\www\system\CodeIgniter.php(317): CodeIgniter\CodeIgniter->handleRequest(NULL, Object(Config\Cache), false)
#8 C:\wamp64\www\public\index.php(37): CodeIgniter\CodeIgniter->run()
#9 {main}
CRITICAL - 2021-09-19 13:32:30 --> You must set the database table to be used with your query.
#0 C:\wamp64\www\system\Model.php(545): CodeIgniter\Database\BaseConnection->table(NULL)
#1 C:\wamp64\www\system\Model.php(176): CodeIgniter\Model->builder()
#2 C:\wamp64\www\system\BaseModel.php(584): CodeIgniter\Model->doFindAll(0, 0)
#3 C:\wamp64\www\app\Models\comments_model.php(15): CodeIgniter\BaseModel->findAll()
#4 C:\wamp64\www\app\Controllers\Home.php(11): App\Models\comments_model->get_comments()
#5 C:\wamp64\www\system\CodeIgniter.php(802): App\Controllers\Home->index()
#6 C:\wamp64\www\system\CodeIgniter.php(399): CodeIgniter\CodeIgniter->runController(Object(App\Controllers\Home))
#7 C:\wamp64\www\system\CodeIgniter.php(317): CodeIgniter\CodeIgniter->handleRequest(NULL, Object(Config\Cache), false)
#8 C:\wamp64\www\public\index.php(37): CodeIgniter\CodeIgniter->run()
#9 {main}
CRITICAL - 2021-09-19 13:33:04 --> You must set the database table to be used with your query.
#0 C:\wamp64\www\system\Model.php(545): CodeIgniter\Database\BaseConnection->table(NULL)
#1 C:\wamp64\www\system\Model.php(176): CodeIgniter\Model->builder()
#2 C:\wamp64\www\system\BaseModel.php(584): CodeIgniter\Model->doFindAll(0, 0)
#3 C:\wamp64\www\app\Models\comments_model.php(15): CodeIgniter\BaseModel->findAll()
#4 C:\wamp64\www\app\Controllers\Home.php(11): App\Models\comments_model->get_comments()
#5 C:\wamp64\www\system\CodeIgniter.php(802): App\Controllers\Home->index()
#6 C:\wamp64\www\system\CodeIgniter.php(399): CodeIgniter\CodeIgniter->runController(Object(App\Controllers\Home))
#7 C:\wamp64\www\system\CodeIgniter.php(317): CodeIgniter\CodeIgniter->handleRequest(NULL, Object(Config\Cache), false)
#8 C:\wamp64\www\public\index.php(37): CodeIgniter\CodeIgniter->run()
#9 {main}
CRITICAL - 2021-09-19 13:52:58 --> You must set the database table to be used with your query.
#0 C:\wamp64\www\system\Model.php(545): CodeIgniter\Database\BaseConnection->table(NULL)
#1 C:\wamp64\www\system\Model.php(176): CodeIgniter\Model->builder()
#2 C:\wamp64\www\system\BaseModel.php(584): CodeIgniter\Model->doFindAll(0, 0)
#3 C:\wamp64\www\app\Models\comments_model.php(15): CodeIgniter\BaseModel->findAll()
#4 C:\wamp64\www\app\Controllers\Home.php(11): App\Models\comments_model->get_comments()
#5 C:\wamp64\www\system\CodeIgniter.php(802): App\Controllers\Home->index()
#6 C:\wamp64\www\system\CodeIgniter.php(399): CodeIgniter\CodeIgniter->runController(Object(App\Controllers\Home))
#7 C:\wamp64\www\system\CodeIgniter.php(317): CodeIgniter\CodeIgniter->handleRequest(NULL, Object(Config\Cache), false)
#8 C:\wamp64\www\public\index.php(37): CodeIgniter\CodeIgniter->run()
#9 {main}
CRITICAL - 2021-09-19 13:54:38 --> Call to undefined method CodeIgniter\Database\MySQLi\Connection::findAll()
#0 C:\wamp64\www\app\Controllers\Home.php(11): App\Models\comments_model->get_comments()
#1 C:\wamp64\www\system\CodeIgniter.php(802): App\Controllers\Home->index()
#2 C:\wamp64\www\system\CodeIgniter.php(399): CodeIgniter\CodeIgniter->runController(Object(App\Controllers\Home))
#3 C:\wamp64\www\system\CodeIgniter.php(317): CodeIgniter\CodeIgniter->handleRequest(NULL, Object(Config\Cache), false)
#4 C:\wamp64\www\public\index.php(37): CodeIgniter\CodeIgniter->run()
#5 {main}
CRITICAL - 2021-09-19 13:54:53 --> You must set the database table to be used with your query.
#0 C:\wamp64\www\system\Model.php(545): CodeIgniter\Database\BaseConnection->table(NULL)
#1 C:\wamp64\www\system\Model.php(719): CodeIgniter\Model->builder()
#2 C:\wamp64\www\app\Models\comments_model.php(14): CodeIgniter\Model->__call('table', Array)
#3 C:\wamp64\www\app\Controllers\Home.php(11): App\Models\comments_model->get_comments()
#4 C:\wamp64\www\system\CodeIgniter.php(802): App\Controllers\Home->index()
#5 C:\wamp64\www\system\CodeIgniter.php(399): CodeIgniter\CodeIgniter->runController(Object(App\Controllers\Home))
#6 C:\wamp64\www\system\CodeIgniter.php(317): CodeIgniter\CodeIgniter->handleRequest(NULL, Object(Config\Cache), false)
#7 C:\wamp64\www\public\index.php(37): CodeIgniter\CodeIgniter->run()
#8 {main}
CRITICAL - 2021-09-19 13:58:25 --> Call to undefined method CodeIgniter\Database\MySQLi\Connection::findAll()
#0 C:\wamp64\www\app\Controllers\Home.php(11): App\Models\comments_model->get_comments()
#1 C:\wamp64\www\system\CodeIgniter.php(802): App\Controllers\Home->index()
#2 C:\wamp64\www\system\CodeIgniter.php(399): CodeIgniter\CodeIgniter->runController(Object(App\Controllers\Home))
#3 C:\wamp64\www\system\CodeIgniter.php(317): CodeIgniter\CodeIgniter->handleRequest(NULL, Object(Config\Cache), false)
#4 C:\wamp64\www\public\index.php(37): CodeIgniter\CodeIgniter->run()
#5 {main}
CRITICAL - 2021-09-19 13:58:42 --> Call to undefined method CodeIgniter\Database\MySQLi\Connection::find()
#0 C:\wamp64\www\app\Controllers\Home.php(11): App\Models\comments_model->get_comments()
#1 C:\wamp64\www\system\CodeIgniter.php(802): App\Controllers\Home->index()
#2 C:\wamp64\www\system\CodeIgniter.php(399): CodeIgniter\CodeIgniter->runController(Object(App\Controllers\Home))
#3 C:\wamp64\www\system\CodeIgniter.php(317): CodeIgniter\CodeIgniter->handleRequest(NULL, Object(Config\Cache), false)
#4 C:\wamp64\www\public\index.php(37): CodeIgniter\CodeIgniter->run()
#5 {main}
CRITICAL - 2021-09-19 13:58:55 --> Call to undefined method CodeIgniter\Database\MySQLi\Connection::get()
#0 C:\wamp64\www\app\Controllers\Home.php(11): App\Models\comments_model->get_comments()
#1 C:\wamp64\www\system\CodeIgniter.php(802): App\Controllers\Home->index()
#2 C:\wamp64\www\system\CodeIgniter.php(399): CodeIgniter\CodeIgniter->runController(Object(App\Controllers\Home))
#3 C:\wamp64\www\system\CodeIgniter.php(317): CodeIgniter\CodeIgniter->handleRequest(NULL, Object(Config\Cache), false)
#4 C:\wamp64\www\public\index.php(37): CodeIgniter\CodeIgniter->run()
#5 {main}
CRITICAL - 2021-09-19 13:59:41 --> Call to undefined method CodeIgniter\Database\MySQLi\Connection::get()
#0 C:\wamp64\www\app\Controllers\Home.php(11): App\Models\comments_model->get_comments()
#1 C:\wamp64\www\system\CodeIgniter.php(802): App\Controllers\Home->index()
#2 C:\wamp64\www\system\CodeIgniter.php(399): CodeIgniter\CodeIgniter->runController(Object(App\Controllers\Home))
#3 C:\wamp64\www\system\CodeIgniter.php(317): CodeIgniter\CodeIgniter->handleRequest(NULL, Object(Config\Cache), false)
#4 C:\wamp64\www\public\index.php(37): CodeIgniter\CodeIgniter->run()
#5 {main}
CRITICAL - 2021-09-19 15:41:22 --> Call to undefined method CodeIgniter\Database\MySQLi\Connection::get()
#0 C:\wamp64\www\app\Controllers\Home.php(11): App\Models\comments_model->get_comments()
#1 C:\wamp64\www\system\CodeIgniter.php(802): App\Controllers\Home->index()
#2 C:\wamp64\www\system\CodeIgniter.php(399): CodeIgniter\CodeIgniter->runController(Object(App\Controllers\Home))
#3 C:\wamp64\www\system\CodeIgniter.php(317): CodeIgniter\CodeIgniter->handleRequest(NULL, Object(Config\Cache), false)
#4 C:\wamp64\www\public\index.php(37): CodeIgniter\CodeIgniter->run()
#5 {main}
